   n    p   pt  tau    v 
50.0 20.0  0.2  0.0  0.1 
   n    p   pt  tau    v 
50.0 20.0  0.2  0.2  0.1 
   n    p   pt  tau    v 
50.0 20.0  0.2  0.5  0.1 
   n    p   pt  tau    v 
50.0 20.0  0.2  0.8  0.1 
   n    p   pt  tau    v 
50.0 20.0  0.2  1.2  0.1 
   n    p   pt  tau    v 
50.0 20.0  0.2  2.0  0.1 
    n     p    pt   tau     v 
100.0  20.0   0.2   0.0   0.1 
    n     p    pt   tau     v 
100.0  20.0   0.2   0.2   0.1 
    n     p    pt   tau     v 
100.0  20.0   0.2   0.5   0.1 
    n     p    pt   tau     v 
100.0  20.0   0.2   0.8   0.1 
    n     p    pt   tau     v 
100.0  20.0   0.2   1.2   0.1 
    n     p    pt   tau     v 
100.0  20.0   0.2   2.0   0.1 
    n     p    pt   tau     v 
250.0  20.0   0.2   0.0   0.1 
    n     p    pt   tau     v 
250.0  20.0   0.2   0.2   0.1 
    n     p    pt   tau     v 
250.0  20.0   0.2   0.5   0.1 
    n     p    pt   tau     v 
250.0  20.0   0.2   0.8   0.1 
    n     p    pt   tau     v 
250.0  20.0   0.2   1.2   0.1 
    n     p    pt   tau     v 
250.0  20.0   0.2   2.0   0.1 
    n     p    pt   tau     v 
500.0  20.0   0.2   0.0   0.1 
    n     p    pt   tau     v 
500.0  20.0   0.2   0.2   0.1 
    n     p    pt   tau     v 
500.0  20.0   0.2   0.5   0.1 
    n     p    pt   tau     v 
500.0  20.0   0.2   0.8   0.1 
    n     p    pt   tau     v 
500.0  20.0   0.2   1.2   0.1 
    n     p    pt   tau     v 
500.0  20.0   0.2   2.0   0.1 
