## 
##  Matching (Version 4.9-11, Build Date: 2021-10-18)
##  See http://sekhon.berkeley.edu/matching for additional documentation.
##  Please cite software as:
##   Jasjeet S. Sekhon. 2011. ``Multivariate and Propensity Score Matching
##   Software with Automated Balance Optimization: The Matching package for R.''
##   Journal of Statistical Software, 42(7): 1-52. 
##

Using the GLPK callable library version 4.65
CPLEX environment opened
Closed CPLEX environment
CPLEX environment opened
Closed CPLEX environment
CPLEX environment opened
Closed CPLEX environment
CPLEX environment opened
Closed CPLEX environment
CPLEX environment opened
Closed CPLEX environment
CPLEX environment opened
Closed CPLEX environment
CPLEX environment opened
Closed CPLEX environment
CPLEX environment opened
Closed CPLEX environment
CPLEX environment opened
Closed CPLEX environment
CPLEX environment opened
Warning messages:
1: In min(Zlb, na.rm = T) : no non-missing arguments to min; returning Inf
2: In sqrt(b/m - d^2) : NaNs produced
3: In sqrt(b/m - d^2) : NaNs produced
4: In min(Zlb, na.rm = T) : no non-missing arguments to min; returning Inf
5: In sqrt(b/m - d^2) : NaNs produced
